0 info it worked if it ends with ok
1 verbose cli [ '/usr/local/bin/node', '/usr/local/bin/npm', 'publish' ]
2 info using npm@3.10.9
3 info using node@v7.2.0
4 verbose publish [ '.' ]
5 silly cache add args [ '.', null ]
6 verbose cache add spec .
7 silly cache add parsed spec Result {
7 silly cache add   raw: '.',
7 silly cache add   scope: null,
7 silly cache add   escapedName: null,
7 silly cache add   name: null,
7 silly cache add   rawSpec: '.',
7 silly cache add   spec: '/home/alexey/Dev/node-plankton',
7 silly cache add   type: 'directory' }
8 verbose addLocalDirectory /home/alexey/.npm/node-plankton/0.0.1/package.tgz not in flight; packing
9 verbose correctMkdir /home/alexey/.npm correctMkdir not in flight; initializing
10 info lifecycle node-plankton@0.0.1~prepublish: node-plankton@0.0.1
11 silly lifecycle node-plankton@0.0.1~prepublish: no script for prepublish, continuing
12 verbose tar pack [ '/home/alexey/.npm/node-plankton/0.0.1/package.tgz',
12 verbose tar pack   '/home/alexey/Dev/node-plankton' ]
13 verbose tarball /home/alexey/.npm/node-plankton/0.0.1/package.tgz
14 verbose folder /home/alexey/Dev/node-plankton
15 verbose addLocalTarball adding from inside cache /home/alexey/.npm/node-plankton/0.0.1/package.tgz
16 verbose correctMkdir /home/alexey/.npm correctMkdir not in flight; initializing
17 silly cache afterAdd node-plankton@0.0.1
18 verbose afterAdd /home/alexey/.npm/node-plankton/0.0.1/package/package.json not in flight; writing
19 verbose correctMkdir /home/alexey/.npm correctMkdir not in flight; initializing
20 verbose afterAdd /home/alexey/.npm/node-plankton/0.0.1/package/package.json written
21 silly publish { name: 'node-plankton',
21 silly publish   version: '0.0.1',
21 silly publish   description: 'A set of helpfull functions',
21 silly publish   main: 'index.js',
21 silly publish   scripts: { test: 'echo "Error: no test specified" && exit 1' },
21 silly publish   keywords: [],
21 silly publish   author: { name: 'Alexey Puchkov' },
21 silly publish   license: 'MIT',
21 silly publish   gitHead: '95399fd0688d98e0a2409ba538242bbfef141029',
21 silly publish   readme: 'ERROR: No README data found!',
21 silly publish   _id: 'node-plankton@0.0.1',
21 silly publish   _shasum: '4beafb393976b812d42177171ca81a7770ebaabb',
21 silly publish   _from: '.' }
22 verbose getPublishConfig undefined
23 silly mapToRegistry name node-plankton
24 silly mapToRegistry using default registry
25 silly mapToRegistry registry https://registry.npmjs.org/
26 silly mapToRegistry data Result {
26 silly mapToRegistry   raw: 'node-plankton',
26 silly mapToRegistry   scope: null,
26 silly mapToRegistry   escapedName: 'node-plankton',
26 silly mapToRegistry   name: 'node-plankton',
26 silly mapToRegistry   rawSpec: '',
26 silly mapToRegistry   spec: 'latest',
26 silly mapToRegistry   type: 'tag' }
27 silly mapToRegistry uri https://registry.npmjs.org/node-plankton
28 verbose publish registryBase https://registry.npmjs.org/
29 silly publish uploading /home/alexey/.npm/node-plankton/0.0.1/package.tgz
30 verbose request uri https://registry.npmjs.org/node-plankton
31 verbose request sending authorization for write operation
32 info attempt registry request try #1 at 8:57:16 AM
33 verbose request using bearer token for auth
34 verbose request id 097b9f6a45c4a79f
35 http request PUT https://registry.npmjs.org/node-plankton
36 http 403 https://registry.npmjs.org/node-plankton
37 verbose headers { 'content-type': 'application/json',
37 verbose headers   'cache-control': 'max-age=300',
37 verbose headers   'content-length': '95',
37 verbose headers   'accept-ranges': 'bytes',
37 verbose headers   date: 'Wed, 04 Jan 2017 06:57:17 GMT',
37 verbose headers   via: '1.1 varnish',
37 verbose headers   connection: 'keep-alive',
37 verbose headers   'x-served-by': 'cache-hhn1528-HHN',
37 verbose headers   'x-cache': 'MISS',
37 verbose headers   'x-cache-hits': '0',
37 verbose headers   'x-timer': 'S1483513036.682279,VS0,VE1188',
37 verbose headers   vary: 'Accept-Encoding' }
38 verbose request invalidating /home/alexey/.npm/registry.npmjs.org/node-plankton on PUT
39 error publish Failed PUT 403
40 verbose stack Error: "You cannot publish over the previously published version 0.0.1." : node-plankton
40 verbose stack     at makeError (/usr/local/lib/node_modules/npm/node_modules/npm-registry-client/lib/request.js:302:12)
40 verbose stack     at CachingRegistryClient.<anonymous> (/usr/local/lib/node_modules/npm/node_modules/npm-registry-client/lib/request.js:290:14)
40 verbose stack     at Request._callback (/usr/local/lib/node_modules/npm/node_modules/npm-registry-client/lib/request.js:210:14)
40 verbose stack     at Request.self.callback (/usr/local/lib/node_modules/npm/node_modules/request/request.js:187:22)
40 verbose stack     at emitTwo (events.js:106:13)
40 verbose stack     at Request.emit (events.js:191:7)
40 verbose stack     at Request.<anonymous> (/usr/local/lib/node_modules/npm/node_modules/request/request.js:1048:10)
40 verbose stack     at emitOne (events.js:96:13)
40 verbose stack     at Request.emit (events.js:188:7)
40 verbose stack     at IncomingMessage.<anonymous> (/usr/local/lib/node_modules/npm/node_modules/request/request.js:969:12)
41 verbose statusCode 403
42 verbose pkgid node-plankton
43 verbose cwd /home/alexey/Dev/node-plankton
44 error Linux 3.19.0-32-generic
45 error argv "/usr/local/bin/node" "/usr/local/bin/npm" "publish"
46 error node v7.2.0
47 error npm  v3.10.9
48 error code E403
49 error "You cannot publish over the previously published version 0.0.1." : node-plankton
50 error If you need help, you may report this error at:
50 error     <https://github.com/npm/npm/issues>
51 verbose exit [ 1, true ]
